# JRE version: OpenJDK Runtime Environment Temurin-17.0.12+7 (17.0.12+7) (build 17.0.12+7)
# Java VM: OpenJDK 64-Bit Server VM Temurin-17.0.12+7 (17.0.12+7, mixed mode, tiered, compressed oops, compressed class ptrs, parallel gc, windows-amd64)
GC Precious Log:
 CPUs: 12 total, 12 available
 Memory: 16095M
 Large Page Support: Disabled
 NUMA Support: Disabled
 Compressed Oops: Enabled (32-bit)
 Alignments: Space 512K, Generation 512K, Heap 2M
 Heap Min Capacity: 100M
 Heap Initial Capacity: 100M
 Heap Max Capacity: 1G
 Pre-touch: Disabled
 Parallel Workers: 10
Heap:
 PSYoungGen      total 21504K, used 10885K [0x00000000eab00000, 0x00000000ecf80000, 0x0000000100000000)
  eden space 11776K, 13% used [0x00000000eab00000,0x00000000eac81ef8,0x00000000eb680000)
  from space 9728K, 96% used [0x00000000ec600000,0x00000000ecf1f7e8,0x00000000ecf80000)
  to   space 11264K, 0% used [0x00000000eb980000,0x00000000eb980000,0x00000000ec480000)
 ParOldGen       total 370688K, used 336820K [0x00000000c0000000, 0x00000000d6a00000, 0x00000000eab00000)
  object space 370688K, 90% used [0x00000000c0000000,0x00000000d48ed398,0x00000000d6a00000)
 Metaspace       used 77280K, committed 78656K, reserved 1179648K
  class space    used 7924K, committed 8512K, reserved 1048576K
GC Heap History (20 events):
Event: 54.616 GC heap before
{Heap before GC invocations=476 (full 16):
 PSYoungGen      total 11776K, used 11291K [0x00000000eab00000, 0x00000000ebc00000, 0x0000000100000000)
  eden space 7168K, 100% used [0x00000000eab00000,0x00000000eb200000,0x00000000eb200000)
  from space 4608K, 89% used [0x00000000eb780000,0x00000000ebb86e60,0x00000000ebc00000)
  to   space 4608K, 0% used [0x00000000eb300000,0x00000000eb300000,0x00000000eb780000)
 ParOldGen       total 328704K, used 316035K [0x00000000c0000000, 0x00000000d4100000, 0x00000000eab00000)
  object space 328704K, 96% used [0x00000000c0000000,0x00000000d34a0eb8,0x00000000d4100000)
 Metaspace       used 77063K, committed 78464K, reserved 1179648K
  class space    used 7880K, committed 8448K, reserved 1048576K
}
Event: 54.624 GC heap after
{Heap after GC invocations=476 (full 16):
 PSYoungGen      total 11776K, used 4604K [0x00000000eab00000, 0x00000000ec000000, 0x0000000100000000)
  eden space 7168K, 0% used [0x00000000eab00000,0x00000000eab00000,0x00000000eb200000)
  from space 4608K, 99% used [0x00000000eb300000,0x00000000eb77f0e8,0x00000000eb780000)
  to   space 7168K, 0% used [0x00000000eb900000,0x00000000eb900000,0x00000000ec000000)
 ParOldGen       total 328704K, used 318117K [0x00000000c0000000, 0x00000000d4100000, 0x00000000eab00000)
  object space 328704K, 96% used [0x00000000c0000000,0x00000000d36a9628,0x00000000d4100000)
 Metaspace       used 77063K, committed 78464K, reserved 1179648K
  class space    used 7880K, committed 8448K, reserved 1048576K
}
Event: 54.662 GC heap before
{Heap before GC invocations=477 (full 16):
 PSYoungGen      total 11776K, used 11772K [0x00000000eab00000, 0x00000000ec000000, 0x0000000100000000)
  eden space 7168K, 100% used [0x00000000eab00000,0x00000000eb200000,0x00000000eb200000)
  from space 4608K, 99% used [0x00000000eb300000,0x00000000eb77f0e8,0x00000000eb780000)
  to   space 7168K, 0% used [0x00000000eb900000,0x00000000eb900000,0x00000000ec000000)
 ParOldGen       total 328704K, used 318117K [0x00000000c0000000, 0x00000000d4100000, 0x00000000eab00000)
  object space 328704K, 96% used [0x00000000c0000000,0x00000000d36a9628,0x00000000d4100000)
 Metaspace       used 77063K, committed 78464K, reserved 1179648K
  class space    used 7880K, committed 8448K, reserved 1048576K
}
Event: 54.669 GC heap after
{Heap after GC invocations=477 (full 16):
 PSYoungGen      total 13312K, used 4272K [0x00000000eab00000, 0x00000000ebe00000, 0x0000000100000000)
  eden space 8192K, 0% used [0x00000000eab00000,0x00000000eab00000,0x00000000eb300000)
  from space 5120K, 83% used [0x00000000eb900000,0x00000000ebd2c0b0,0x00000000ebe00000)
  to   space 5632K, 0% used [0x00000000eb300000,0x00000000eb300000,0x00000000eb880000)
 ParOldGen       total 328704K, used 321056K [0x00000000c0000000, 0x00000000d4100000, 0x00000000eab00000)
  object space 328704K, 97% used [0x00000000c0000000,0x00000000d3988048,0x00000000d4100000)
 Metaspace       used 77063K, committed 78464K, reserved 1179648K
  class space    used 7880K, committed 8448K, reserved 1048576K
}
Event: 54.700 GC heap before
{Heap before GC invocations=478 (full 16):
 PSYoungGen      total 13312K, used 12464K [0x00000000eab00000, 0x00000000ebe00000, 0x0000000100000000)
  eden space 8192K, 100% used [0x00000000eab00000,0x00000000eb300000,0x00000000eb300000)
  from space 5120K, 83% used [0x00000000eb900000,0x00000000ebd2c0b0,0x00000000ebe00000)
  to   space 5632K, 0% used [0x00000000eb300000,0x00000000eb300000,0x00000000eb880000)
 ParOldGen       total 328704K, used 321056K [0x00000000c0000000, 0x00000000d4100000, 0x00000000eab00000)
  object space 328704K, 97% used [0x00000000c0000000,0x00000000d3988048,0x00000000d4100000)
 Metaspace       used 77063K, committed 78464K, reserved 1179648K
  class space    used 7880K, committed 8448K, reserved 1048576K
}
Event: 54.703 GC heap after
{Heap after GC invocations=478 (full 16):
 PSYoungGen      total 13824K, used 5625K [0x00000000eab00000, 0x00000000ec200000, 0x0000000100000000)
  eden space 8192K, 0% used [0x00000000eab00000,0x00000000eab00000,0x00000000eb300000)
  from space 5632K, 99% used [0x00000000eb300000,0x00000000eb87e658,0x00000000eb880000)
  to   space 7168K, 0% used [0x00000000ebb00000,0x00000000ebb00000,0x00000000ec200000)
 ParOldGen       total 328704K, used 321900K [0x00000000c0000000, 0x00000000d4100000, 0x00000000eab00000)
  object space 328704K, 97% used [0x00000000c0000000,0x00000000d3a5b080,0x00000000d4100000)
 Metaspace       used 77063K, committed 78464K, reserved 1179648K
  class space    used 7880K, committed 8448K, reserved 1048576K
}
Event: 54.732 GC heap before
{Heap before GC invocations=479 (full 16):
 PSYoungGen      total 13824K, used 13817K [0x00000000eab00000, 0x00000000ec200000, 0x0000000100000000)
  eden space 8192K, 100% used [0x00000000eab00000,0x00000000eb300000,0x00000000eb300000)
  from space 5632K, 99% used [0x00000000eb300000,0x00000000eb87e658,0x00000000eb880000)
  to   space 7168K, 0% used [0x00000000ebb00000,0x00000000ebb00000,0x00000000ec200000)
 ParOldGen       total 328704K, used 321900K [0x00000000c0000000, 0x00000000d4100000, 0x00000000eab00000)
  object space 328704K, 97% used [0x00000000c0000000,0x00000000d3a5b080,0x00000000d4100000)
 Metaspace       used 77063K, committed 78464K, reserved 1179648K
  class space    used 7880K, committed 8448K, reserved 1048576K
}
Event: 54.735 GC heap after
{Heap after GC invocations=479 (full 16):
 PSYoungGen      total 14336K, used 4749K [0x00000000eab00000, 0x00000000ec000000, 0x0000000100000000)
  eden space 9216K, 0% used [0x00000000eab00000,0x00000000eab00000,0x00000000eb400000)
  from space 5120K, 92% used [0x00000000ebb00000,0x00000000ebfa3558,0x00000000ec000000)
  to   space 5632K, 0% used [0x00000000eb500000,0x00000000eb500000,0x00000000eba80000)
 ParOldGen       total 328704K, used 325487K [0x00000000c0000000, 0x00000000d4100000, 0x00000000eab00000)
  object space 328704K, 99% used [0x00000000c0000000,0x00000000d3ddbf20,0x00000000d4100000)
 Metaspace       used 77063K, committed 78464K, reserved 1179648K
  class space    used 7880K, committed 8448K, reserved 1048576K
}
Event: 54.735 GC heap before
{Heap before GC invocations=480 (full 17):
 PSYoungGen      total 14336K, used 4749K [0x00000000eab00000, 0x00000000ec000000, 0x0000000100000000)
  eden space 9216K, 0% used [0x00000000eab00000,0x00000000eab00000,0x00000000eb400000)
  from space 5120K, 92% used [0x00000000ebb00000,0x00000000ebfa3558,0x00000000ec000000)
  to   space 5632K, 0% used [0x00000000eb500000,0x00000000eb500000,0x00000000eba80000)
 ParOldGen       total 328704K, used 325487K [0x00000000c0000000, 0x00000000d4100000, 0x00000000eab00000)
  object space 328704K, 99% used [0x00000000c0000000,0x00000000d3ddbf20,0x00000000d4100000)
 Metaspace       used 77063K, committed 78464K, reserved 1179648K
  class space    used 7880K, committed 8448K, reserved 1048576K
}
Event: 55.021 GC heap after
{Heap after GC invocations=480 (full 17):
 PSYoungGen      total 15872K, used 0K [0x00000000eab00000, 0x00000000ec000000, 0x0000000100000000)
  eden space 10240K, 0% used [0x00000000eab00000,0x00000000eab00000,0x00000000eb500000)
  from space 5632K, 0% used [0x00000000eb500000,0x00000000eb500000,0x00000000eba80000)
  to   space 5632K, 0% used [0x00000000eba80000,0x00000000eba80000,0x00000000ec000000)
 ParOldGen       total 370688K, used 325874K [0x00000000c0000000, 0x00000000d6a00000, 0x00000000eab00000)
  object space 370688K, 87% used [0x00000000c0000000,0x00000000d3e3c8d8,0x00000000d6a00000)
 Metaspace       used 77063K, committed 78464K, reserved 1179648K
  class space    used 7880K, committed 8448K, reserved 1048576K
}
Event: 55.048 GC heap before
{Heap before GC invocations=481 (full 17):
 PSYoungGen      total 15872K, used 10240K [0x00000000eab00000, 0x00000000ec000000, 0x0000000100000000)
  eden space 10240K, 100% used [0x00000000eab00000,0x00000000eb500000,0x00000000eb500000)
  from space 5632K, 0% used [0x00000000eb500000,0x00000000eb500000,0x00000000eba80000)
  to   space 5632K, 0% used [0x00000000eba80000,0x00000000eba80000,0x00000000ec000000)
 ParOldGen       total 370688K, used 325874K [0x00000000c0000000, 0x00000000d6a00000, 0x00000000eab00000)
  object space 370688K, 87% used [0x00000000c0000000,0x00000000d3e3c8d8,0x00000000d6a00000)
 Metaspace       used 77063K, committed 78464K, reserved 1179648K
  class space    used 7880K, committed 8448K, reserved 1048576K
}
Event: 55.050 GC heap after
{Heap after GC invocations=481 (full 17):
 PSYoungGen      total 15872K, used 4025K [0x00000000eab00000, 0x00000000ebf00000, 0x0000000100000000)
  eden space 11264K, 0% used [0x00000000eab00000,0x00000000eab00000,0x00000000eb600000)
  from space 4608K, 87% used [0x00000000eba80000,0x00000000ebe6e7e0,0x00000000ebf00000)
  to   space 4608K, 0% used [0x00000000eb600000,0x00000000eb600000,0x00000000eba80000)
 ParOldGen       total 370688K, used 325874K [0x00000000c0000000, 0x00000000d6a00000, 0x00000000eab00000)
  object space 370688K, 87% used [0x00000000c0000000,0x00000000d3e3c8d8,0x00000000d6a00000)
 Metaspace       used 77063K, committed 78464K, reserved 1179648K
  class space    used 7880K, committed 8448K, reserved 1048576K
}
Event: 55.085 GC heap before
{Heap before GC invocations=482 (full 17):
 PSYoungGen      total 15872K, used 15289K [0x00000000eab00000, 0x00000000ebf00000, 0x0000000100000000)
  eden space 11264K, 100% used [0x00000000eab00000,0x00000000eb600000,0x00000000eb600000)
  from space 4608K, 87% used [0x00000000eba80000,0x00000000ebe6e7e0,0x00000000ebf00000)
  to   space 4608K, 0% used [0x00000000eb600000,0x00000000eb600000,0x00000000eba80000)
 ParOldGen       total 370688K, used 325874K [0x00000000c0000000, 0x00000000d6a00000, 0x00000000eab00000)
  object space 370688K, 87% used [0x00000000c0000000,0x00000000d3e3c8d8,0x00000000d6a00000)
 Metaspace       used 77063K, committed 78464K, reserved 1179648K
  class space    used 7880K, committed 8448K, reserved 1048576K
}
Event: 55.089 GC heap after
{Heap after GC invocations=482 (full 17):
 PSYoungGen      total 15872K, used 4597K [0x00000000eab00000, 0x00000000ec900000, 0x0000000100000000)
  eden space 11264K, 0% used [0x00000000eab00000,0x00000000eab00000,0x00000000eb600000)
  from space 4608K, 99% used [0x00000000eb600000,0x00000000eba7d630,0x00000000eba80000)
  to   space 9216K, 0% used [0x00000000ec000000,0x00000000ec000000,0x00000000ec900000)
 ParOldGen       total 370688K, used 329326K [0x00000000c0000000, 0x00000000d6a00000, 0x00000000eab00000)
  object space 370688K, 88% used [0x00000000c0000000,0x00000000d419bb58,0x00000000d6a00000)
 Metaspace       used 77063K, committed 78464K, reserved 1179648K
  class space    used 7880K, committed 8448K, reserved 1048576K
}
Event: 55.162 GC heap before
{Heap before GC invocations=483 (full 17):
 PSYoungGen      total 15872K, used 15861K [0x00000000eab00000, 0x00000000ec900000, 0x0000000100000000)
  eden space 11264K, 100% used [0x00000000eab00000,0x00000000eb600000,0x00000000eb600000)
  from space 4608K, 99% used [0x00000000eb600000,0x00000000eba7d630,0x00000000eba80000)
  to   space 9216K, 0% used [0x00000000ec000000,0x00000000ec000000,0x00000000ec900000)
 ParOldGen       total 370688K, used 329326K [0x00000000c0000000, 0x00000000d6a00000, 0x00000000eab00000)
  object space 370688K, 88% used [0x00000000c0000000,0x00000000d419bb58,0x00000000d6a00000)
 Metaspace       used 77063K, committed 78464K, reserved 1179648K
  class space    used 7880K, committed 8448K, reserved 1048576K
}
Event: 55.166 GC heap after
{Heap after GC invocations=483 (full 17):
 PSYoungGen      total 20992K, used 9172K [0x00000000eab00000, 0x00000000eca00000, 0x0000000100000000)
  eden space 11776K, 0% used [0x00000000eab00000,0x00000000eab00000,0x00000000eb680000)
  from space 9216K, 99% used [0x00000000ec000000,0x00000000ec8f52a8,0x00000000ec900000)
  to   space 9728K, 0% used [0x00000000eb680000,0x00000000eb680000,0x00000000ec000000)
 ParOldGen       total 370688K, used 329326K [0x00000000c0000000, 0x00000000d6a00000, 0x00000000eab00000)
  object space 370688K, 88% used [0x00000000c0000000,0x00000000d419bb58,0x00000000d6a00000)
 Metaspace       used 77063K, committed 78464K, reserved 1179648K
  class space    used 7880K, committed 8448K, reserved 1048576K
}
Event: 55.254 GC heap before
{Heap before GC invocations=484 (full 17):
 PSYoungGen      total 20992K, used 20923K [0x00000000eab00000, 0x00000000eca00000, 0x0000000100000000)
  eden space 11776K, 99% used [0x00000000eab00000,0x00000000eb679c38,0x00000000eb680000)
  from space 9216K, 99% used [0x00000000ec000000,0x00000000ec8f52a8,0x00000000ec900000)
  to   space 9728K, 0% used [0x00000000eb680000,0x00000000eb680000,0x00000000ec000000)
 ParOldGen       total 370688K, used 329326K [0x00000000c0000000, 0x00000000d6a00000, 0x00000000eab00000)
  object space 370688K, 88% used [0x00000000c0000000,0x00000000d419bb58,0x00000000d6a00000)
 Metaspace       used 77063K, committed 78464K, reserved 1179648K
  class space    used 7880K, committed 8448K, reserved 1048576K
}
Event: 55.258 GC heap after
{Heap after GC invocations=484 (full 17):
 PSYoungGen      total 21504K, used 9719K [0x00000000eab00000, 0x00000000ed480000, 0x0000000100000000)
  eden space 11776K, 0% used [0x00000000eab00000,0x00000000eab00000,0x00000000eb680000)
  from space 9728K, 99% used [0x00000000eb680000,0x00000000ebffddc0,0x00000000ec000000)
  to   space 14848K, 0% used [0x00000000ec600000,0x00000000ec600000,0x00000000ed480000)
 ParOldGen       total 370688K, used 333489K [0x00000000c0000000, 0x00000000d6a00000, 0x00000000eab00000)
  object space 370688K, 89% used [0x00000000c0000000,0x00000000d45ac648,0x00000000d6a00000)
 Metaspace       used 77063K, committed 78464K, reserved 1179648K
  class space    used 7880K, committed 8448K, reserved 1048576K
}
Event: 103.093 GC heap before
{Heap before GC invocations=485 (full 17):
 PSYoungGen      total 21504K, used 21484K [0x00000000eab00000, 0x00000000ed480000, 0x0000000100000000)
  eden space 11776K, 99% used [0x00000000eab00000,0x00000000eb67d5b8,0x00000000eb680000)
  from space 9728K, 99% used [0x00000000eb680000,0x00000000ebffddc0,0x00000000ec000000)
  to   space 14848K, 0% used [0x00000000ec600000,0x00000000ec600000,0x00000000ed480000)
 ParOldGen       total 370688K, used 333489K [0x00000000c0000000, 0x00000000d6a00000, 0x00000000eab00000)
  object space 370688K, 89% used [0x00000000c0000000,0x00000000d45ac648,0x00000000d6a00000)
 Metaspace       used 77118K, committed 78528K, reserved 1179648K
  class space    used 7882K, committed 8448K, reserved 1048576K
}
Event: 103.167 GC heap after
{Heap after GC invocations=485 (full 17):
 PSYoungGen      total 21504K, used 9341K [0x00000000eab00000, 0x00000000ecf80000, 0x0000000100000000)
  eden space 11776K, 0% used [0x00000000eab00000,0x00000000eab00000,0x00000000eb680000)
  from space 9728K, 96% used [0x00000000ec600000,0x00000000ecf1f7e8,0x00000000ecf80000)
  to   space 11264K, 0% used [0x00000000eb980000,0x00000000eb980000,0x00000000ec480000)
 ParOldGen       total 370688K, used 336820K [0x00000000c0000000, 0x00000000d6a00000, 0x00000000eab00000)
  object space 370688K, 90% used [0x00000000c0000000,0x00000000d48ed398,0x00000000d6a00000)
 Metaspace       used 77118K, committed 78528K, reserved 1179648K
  class space    used 7882K, committed 8448K, reserved 1048576K
}

