<?xml version="1.0" encoding="UTF-8"?>
<testsuite xmlns:xsi="http://www.w3.org/2001/XMLSchema-instance" xsi:noNamespaceSchemaLocation="https://maven.apache.org/surefire/maven-surefire-plugin/xsd/surefire-test-report-3.0.xsd" version="3.0" name="generator.TextverstaendnisGeneratorIT" time="0.39" tests="2" errors="0" skipped="0" failures="0">
  <properties>
[...]
</properties>
  <testcase name="testManualQuestionInsertion" classname="generator.TextverstaendnisGeneratorIT" time="0.044"/>
  <testcase name="testMultipleQuestionsInsertion" classname="generator.TextverstaendnisGeneratorIT" time="0.01"/>
</testsuite>