-------------------------------------------------------------------------------
Test set: ui.merkfaehigkeit.AllergyCardPanelTest
-------------------------------------------------------------------------------
Tests run: 1, Failures: 1, Errors: 0, Skipped: 0, Time elapsed: 0.359 s <<< FAILURE! - in ui.merkfaehigkeit.AllergyCardPanelTest
ui.merkfaehigkeit.AllergyCardPanelTest.toModelMapsFieldsCorrectly  Time elapsed: 0.345 s  <<< FAILURE!
org.opentest4j.AssertionFailedError: expected: <1990-01-01> but was: <2025-01-01>
	at org.junit.jupiter.api.AssertionFailureBuilder.build(AssertionFailureBuilder.java:151)
	at org.junit.jupiter.api.AssertionFailureBuilder.buildAndThrow(AssertionFailureBuilder.java:132)
	at org.junit.jupiter.api.AssertEquals.failNotEqual(AssertEquals.java:197)
	at org.junit.jupiter.api.AssertEquals.assertEquals(AssertEquals.java:182)
	at org.junit.jupiter.api.AssertEquals.assertEquals(AssertEquals.java:177)
	at org.junit.jupiter.api.Assertions.assertEquals(Assertions.java:1141)
	at ui.merkfaehigkeit.AllergyCardPanelTest.toModelMapsFieldsCorrectly(AllergyCardPanelTest.java:37)
	at java.base/java.lang.reflect.Method.invoke(Method.java:580)
	at java.base/java.util.ArrayList.forEach(ArrayList.java:1596)
	at java.base/java.util.ArrayList.forEach(ArrayList.java:1596)

